This is pdfeTeX, Version 3.141592-1.21a-2.2 (Web2C 7.5.4) (format=pdftex 2009.5.26)  17 NOV 2013 20:32
entering extended mode
**manual
(./manual.tex (../../../doc/gapmacro.tex
(/sw/share/texmf-dist/tex/plain/amsfonts/amssym.tex
(/sw/share/texmf-dist/tex/plain/amsfonts/amssym.def
\msafam=\fam8
\msbfam=\fam9
\eufmfam=\fam10
))
Running PDFTeX
\pagewidth=\dimen16
\pageheight=\dimen17
\colwidth=\dimen18
\partialpage=\box16
\origvsize=\dimen19
\manindent=\dimen20
\smallmanindent=\dimen21
\itfam=\fam11
\slfam=\fam12
\bffam=\fam13
\ttfam=\fam14
\msbfam=\fam15
\ttindent=\dimen22
\labelout=\write0
\indexout=\write1
\secindout=\write2
\tocout=\write3
\citeout=\write4
\ans=\write5
\exampleout=\write6
\labelin=\read0
\indexin=\read1
\tocin=\read2
\citein=\read3
\secno=\count26
\subsecno=\count27
\exno=\count28
\indentno=\count29
\chapnum=\count30
\ortoks=\toks12
\bibindent=\dimen23
) (../../../doc/ref/manual.lab) (../VERSION) [1{/sw/var/lib/texmf/fonts/map/pdf
tex/updmap/pdftex.map}]
\makelabel{pargap:Contents}{{\setbox 0=\hbox {1}\vrule width 0pt height\ht 0}}
Chapter `Contents' .
(./manual.toc [2.1
\chapcontents {\tocstrut }{Contents}{2}
]) [3.1] (./manual.lab)
\openout3 = `manual.toc'.

\openout0 = `manual.lab'.

\openout1 = `manual.idx'.

\openout2 = `manual.six'.

\openout4 = `manual.aux'.

 [4.1] (./pargap1.tex
Chapter `Writing Parallel Programs in GAP Easily' .
[5.1] [6.1] [7.1] [8.1] [9.1]
\openout6 = `manual.example-1.tst'.

 [10.1] [11.1] [12.1] [13.1]
Label `pargap:Invoking ParGAP with Remote Slaves (using MPINU)' undefined.
[14.1] [15.1] [16.1] [17.1] [18.1] [19.1]) (./pargap2.tex [20.1]
Chapter `Slave Listener' .
[21.2] [22.2] [23.2]) (./pargap3.tex [24.2]
Chapter `Basic Concepts for the TOP-C model (MasterSlave)' .
[25.3]
\openout6 = `manual.example-3.tst'.

 [26.3] [27.3] [28.3] [29.3] [30.3]) (./tutorial.tex [31.3]
Chapter `Tutorial' .
\openout6 = `manual.example-4.tst'.

[32.4] [33.4] [34.4] [35.4] [36.4]) (./pargap4.tex [37.4]
Chapter `MasterSlave Tutorial' .
\openout6 = `manual.example-5.tst'.

[38.5] [39.5] [40.5] [41.5] [42.5] [43.5] [44.5] [45.5] [46.5] [47.5] [48.5])
(./pargap5.tex [49.5]
Chapter `Advanced Concepts for TOP-C model (MasterSlave)' .
[50.6] [51.6] [52.6]) (./pargap6.tex [53.6]
Chapter `MPI commands and UNIX system calls in ParGAP' .
[54.7] [55.7] [56.7] [57.7]) (./pargap7.tex [58.7]
Chapter `Comments?' .
) [59.8]
Chapter `Bibliography' .
(./manual.bbl) [60.9]
Chapter `Index' .
(./manual.ind [61.10] [62.10]) [63.10]
##
## Citations for BibTeX written on manual.aux.
## Index entries for makeindex written on manual.idx.
## Section index entries written on manual.six.
## Label definitions written on manual.lab.
## Table of contents written on manual.toc.
## Examples written to manual.example-XX.tst.
## There were undefined labels or references.
##
 ){/sw/share/texmf-dist/fonts/enc/dvips/psnfss/8r.enc}</sw/share/texmf-dist/fon
ts/type1/urw/times/utmr8a.pfb></sw/share/texmf-dist/fonts/type1/bluesky/symbols
/msam7.pfb></sw/share/texmf-dist/fonts/type1/bluesky/cm/cmr10.pfb></sw/share/te
xmf-dist/fonts/type1/bluesky/cm/cmsy10.pfb></sw/share/texmf-dist/fonts/type1/bl
uesky/cm/cmtt10.pfb></sw/share/texmf-dist/fonts/type1/urw/helvetic/uhvr8a.pfb><
/sw/share/texmf-dist/fonts/type1/urw/times/utmri8a.pfb></sw/share/texmf-dist/fo
nts/type1/urw/times/utmb8a.pfb></sw/share/texmf-dist/fonts/type1/urw/times/utmr
8a.pfb></sw/share/texmf-dist/fonts/type1/urw/helvetic/uhvb8a.pfb>
Output written on manual.pdf (63 pages, 369428 bytes).
